<?xml version="1.0" encoding="UTF-8"?>
<testsuite name="functionality"
           tests="2"
           failures="0"
           errors="0"
           skipped="0"
           time="3.380">
  <properties />
  
  
            <testcase name="verifyUserShouldNavigateToLaptopsAndNotebooksPageSuccessfully" time="1.581" classname="com.tutorialsninja.testsuite.TopMenuTest" />
                <testcase name="verifyUserShouldNavigateToDesktopsPageSuccessfully" time="1.799" classname="com.tutorialsninja.testsuite.TopMenuTest" />
      
</testsuite>
